<?xml version="1.0" encoding="UTF-8"?>
<!-- Generated by org.testng.reporters.JUnitXMLReporter -->
<testsuite hostname="DESKTOP-OLK64FU" ignored="1" name="Tests" tests="12" failures="3" timestamp="2022-07-23T11:47:14 IST" time="33.83" errors="0">
  <testcase name="@AfterTest afterMethod" time="0.0" classname="FST_testNG.Activity5">
    <failure type="java.lang.NullPointerException">
      <![CDATA[java.lang.NullPointerException
at FST_testNG.Activity5.afterMethod(Activity5.java:60)
... Removed 24 stack frames]]>
    </failure>
  </testcase> <!-- @AfterTest afterMethod -->
  <testcase name="pageTitleTest" time="0.009" classname="FST_testNG.Activity5">
    <failure type="java.lang.NullPointerException">
      <![CDATA[java.lang.NullPointerException
at FST_testNG.Activity5.pageTitleTest(Activity5.java:15)
at java.util.concurrent.ThreadPoolExecutor.runWorker(Unknown Source)
at java.util.concurrent.ThreadPoolExecutor$Worker.run(Unknown Source)
at java.lang.Thread.run(Unknown Source)
... Removed 12 stack frames]]>
    </failure>
  </testcase> <!-- pageTitleTest -->
  <testcase name="testCase1" time="0.033" classname="FST_testNG.Activity2"/>
  <testcase name="testCase2" time="0.1" classname="FST_testNG.Activity2">
    <failure type="java.lang.AssertionError" message="expected [black] but found [Black]">
      <![CDATA[java.lang.AssertionError: expected [black] but found [Black]
at FST_testNG.Activity2.testCase2(Activity2.java:38)
at java.util.concurrent.ThreadPoolExecutor.runWorker(Unknown Source)
at java.util.concurrent.ThreadPoolExecutor$Worker.run(Unknown Source)
at java.lang.Thread.run(Unknown Source)
... Removed 17 stack frames]]>
    </failure>
  </testcase> <!-- testCase2 -->
  <testcase name="testCase4" time="0.001" classname="FST_testNG.Activity2">
    <skipped/>
  </testcase> <!-- testCase4 -->
  <testcase name="ButtonTest1" time="0.0" classname="FST_testNG.Activity5">
    <skipped/>
  </testcase> <!-- ButtonTest1 -->
  <testcase name="ButtonTest2" time="0.0" classname="FST_testNG.Activity5">
    <skipped/>
  </testcase> <!-- ButtonTest2 -->
  <testcase name="HeaderTest1" time="0.0" classname="FST_testNG.Activity5">
    <skipped/>
  </testcase> <!-- HeaderTest1 -->
  <testcase name="HeaderTest2" time="0.0" classname="FST_testNG.Activity5">
    <skipped/>
  </testcase> <!-- HeaderTest2 -->
  <testcase name="loginTestCase" time="0.0" classname="FST_testNG.Activity6">
    <failure type="org.testng.TestNGException" message="
Parameter &amp;apos;username&amp;apos; is required by @Test on method loginTestCase but has not been marked @Optional or defined
in C:\Users\ABC\FST_Selenium_Project\testng5.xml">
      <![CDATA[org.testng.TestNGException: 
Parameter 'username' is required by @Test on method loginTestCase but has not been marked @Optional or defined
in C:\Users\ABC\FST_Selenium_Project\testng5.xml
at java.util.concurrent.ThreadPoolExecutor.runWorker(Unknown Source)
at java.util.concurrent.ThreadPoolExecutor$Worker.run(Unknown Source)
at java.lang.Thread.run(Unknown Source)
... Removed 11 stack frames]]>
    </failure>
  </testcase> <!-- loginTestCase -->
  <testcase name="exampleTestCase" time="1.68" classname="FST_testNG.Activity1"/>
  <testcase name="loginTestCase" time="0.602" classname="FST_testNG.Activity7"/>
  <testcase name="loginTest" time="0.346" classname="FST_testNG.Activity3"/>
  <testcase name="testCase3" time="0.0" classname="FST_testNG.Activity2">
    <ignored/>
  </testcase> <!-- testCase3 -->
</testsuite> <!-- Tests -->
